<?xml version="1.0" encoding="UTF-8"?>
<!-- Generated by org.testng.reporters.JUnitReportReporter -->
<testsuite hostname="MFC-IT-04" failures="0" tests="2" name="com.tltest.app.OpenweatherTest" time="15.220" errors="1" timestamp="20 Jan 2021 12:08:37 GMT">
  <testcase classname="com.tltest.app.OpenweatherTest" name="signinTest_2" time="5.614">
    <error message="Element should be visible or transparent: visible or have css value opacity=0 {#dropdown_menu}
Element: &#039;&lt;ul class=&quot;dropdown_menu&quot; id=&quot;dropdown_menu&quot; type displayed:false&gt;&lt;/ul&gt;&#039;
Actual value: visible:false, 1
Screenshot: file:/D:/учеба/eclipse-workspace/tl-tests/build/reports/tests/1611144517530.0.png
Page source: file:/D:/учеба/eclipse-workspace/tl-tests/build/reports/tests/1611144517530.0.html
Timeout: 4 s." type="com.codeborne.selenide.ex.ElementShould">
      <![CDATA[Element should be visible or transparent: visible or have css value opacity=0 {#dropdown_menu}
Element: '<ul class="dropdown_menu" id="dropdown_menu" type displayed:false></ul>'
Actual value: visible:false, 1
Screenshot: file:/D:/учеба/eclipse-workspace/tl-tests/build/reports/tests/1611144517530.0.png
Page source: file:/D:/учеба/eclipse-workspace/tl-tests/build/reports/tests/1611144517530.0.html
Timeout: 4 s.
	at com.codeborne.selenide.impl.WebElementSource.checkCondition(WebElementSource.java:115)
	at com.codeborne.selenide.impl.WebElementSource.findAndAssertElementIsInteractable(WebElementSource.java:133)
	at com.codeborne.selenide.commands.Click.execute(Click.java:22)
	at com.codeborne.selenide.commands.Click.execute(Click.java:15)
	at com.codeborne.selenide.commands.Commands.execute(Commands.java:154)
	at com.codeborne.selenide.impl.SelenideElementProxy.dispatchAndRetry(SelenideElementProxy.java:128)
	at com.codeborne.selenide.impl.SelenideElementProxy.invoke(SelenideElementProxy.java:80)
	at com.sun.proxy.$Proxy7.click(Unknown Source)
	at com.tltest.app.OpenweatherTest.signinTest_2(OpenweatherTest.java:30)
	at java.base/jdk.internal.reflect.NativeMethodAccessorImpl.invoke0(Native Method)
	at java.base/jdk.internal.reflect.NativeMethodAccessorImpl.invoke(NativeMethodAccessorImpl.java:64)
	at java.base/jdk.internal.reflect.DelegatingMethodAccessorImpl.invoke(DelegatingMethodAccessorImpl.java:43)
	at java.base/java.lang.reflect.Method.invoke(Method.java:564)
	at org.testng.internal.MethodInvocationHelper.invokeMethod(MethodInvocationHelper.java:80)
	at org.testng.internal.Invoker.invokeMethod(Invoker.java:714)
	at org.testng.internal.Invoker.invokeTestMethod(Invoker.java:901)
	at org.testng.internal.Invoker.invokeTestMethods(Invoker.java:1231)
	at org.testng.internal.TestMethodWorker.invokeTestMethods(TestMethodWorker.java:127)
	at org.testng.internal.TestMethodWorker.run(TestMethodWorker.java:111)
	at org.testng.TestRunner.privateRun(TestRunner.java:767)
	at org.testng.TestRunner.run(TestRunner.java:617)
	at org.testng.SuiteRunner.runTest(SuiteRunner.java:334)
	at org.testng.SuiteRunner.runSequentially(SuiteRunner.java:329)
	at org.testng.SuiteRunner.privateRun(SuiteRunner.java:291)
	at org.testng.SuiteRunner.run(SuiteRunner.java:240)
	at org.testng.SuiteRunnerWorker.runSuite(SuiteRunnerWorker.java:52)
	at org.testng.SuiteRunnerWorker.run(SuiteRunnerWorker.java:86)
	at org.testng.TestNG.runSuitesSequentially(TestNG.java:1198)
	at org.testng.TestNG.runSuitesLocally(TestNG.java:1123)
	at org.testng.TestNG.run(TestNG.java:1031)
	at org.testng.remote.AbstractRemoteTestNG.run(AbstractRemoteTestNG.java:115)
	at org.testng.remote.RemoteTestNG.initAndRun(RemoteTestNG.java:251)
	at org.testng.remote.RemoteTestNG.main(RemoteTestNG.java:77)
]]>
    </error>
  </testcase> <!-- signinTest_2 -->
  <testcase classname="com.tltest.app.OpenweatherTest" name="signinTest" time="9.606"/>
</testsuite> <!-- com.tltest.app.OpenweatherTest -->
