<?xml version="1.0" encoding="UTF-8"?>
<!-- Generated by org.testng.reporters.JUnitReportReporter -->
<testsuite hostname="MFC-IT-04" failures="0" tests="1" name="com.tltest.app.OpenweatherTest_3_1" time="1.013" errors="0" timestamp="21 Jan 2021 14:11:14 GMT">
  <testcase classname="com.tltest.app.OpenweatherTest_3_1" name="historicalWeatherAPIReq" time="1.013"/>
</testsuite> <!-- com.tltest.app.OpenweatherTest_3_1 -->
