<?xml version="1.0" encoding="UTF-8"?>
<!-- Generated by org.testng.reporters.JUnitReportReporter -->
<testsuite hostname="MFC-IT-04" name="com.tltest.app.AppTest" tests="1" failures="0" timestamp="20 Jan 2021 11:32:19 GMT" time="0.002" errors="0">
  <testcase name="shouldAnswerWithTrue" time="0.002" classname="com.tltest.app.AppTest"/>
</testsuite> <!-- com.tltest.app.AppTest -->
